<?xml version="1.0" encoding="UTF-8"?>
<!-- Generated by org.testng.reporters.JUnitReportReporter -->
<testsuite hostname="LAPTOP-3BL16AQ1" failures="0" tests="4" name="TestNG_Assertions.Soft_Assertion" time="3.479" errors="0" timestamp="2023-12-21T19:31:47 IST" skipped="0">
  <testcase classname="TestNG_Assertions.Soft_Assertion" name="verifyTitle" time="0.105"/>
  <system-out/>
  <testcase classname="TestNG_Assertions.Soft_Assertion" name="enterUsername" time="1.461"/>
  <system-out/>
  <testcase classname="TestNG_Assertions.Soft_Assertion" name="enterPassword" time="0.427"/>
  <system-out/>
  <testcase classname="TestNG_Assertions.Soft_Assertion" name="clickLogin" time="1.486"/>
  <system-out/>
</testsuite> <!-- TestNG_Assertions.Soft_Assertion -->
