<?xml version="1.0" encoding="UTF-8"?>
<!-- Generated by org.testng.reporters.JUnitReportReporter -->
<testsuite hostname="LAPTOP-3BL16AQ1" failures="0" tests="3" name="TestNG.LoginToOrangeHRM" time="10.915" errors="0" timestamp="2023-12-16T19:45:05 IST" skipped="0">
  <testcase classname="TestNG.LoginToOrangeHRM" name="enterUsername" time="10.360"/>
  <system-out/>
  <testcase classname="TestNG.LoginToOrangeHRM" name="enterPassword" time="0.322"/>
  <system-out/>
  <testcase classname="TestNG.LoginToOrangeHRM" name="clickLogin" time="0.233"/>
  <system-out/>
</testsuite> <!-- TestNG.LoginToOrangeHRM -->
