<?xml version="1.0" encoding="UTF-8"?>
<!-- Generated by org.testng.reporters.JUnitReportReporter -->
<testsuite hostname="LAPTOP-3BL16AQ1" failures="0" tests="3" name="TestNG.LoginToOrangeHRM_Edge" time="5.802" errors="0" timestamp="2023-12-16T19:53:53 IST" skipped="0">
  <testcase classname="TestNG.LoginToOrangeHRM_Edge" name="enterUsername" time="1.726"/>
  <system-out/>
  <testcase classname="TestNG.LoginToOrangeHRM_Edge" name="enterPassword" time="1.025"/>
  <system-out/>
  <testcase classname="TestNG.LoginToOrangeHRM_Edge" name="clickLogin" time="3.051"/>
  <system-out/>
</testsuite> <!-- TestNG.LoginToOrangeHRM_Edge -->
