<?xml version="1.0" encoding="UTF-8"?>
<!-- Generated by org.testng.reporters.JUnitReportReporter -->
<testsuite hostname="LAPTOP-3BL16AQ1" failures="0" tests="5" name="Tests.LoginTest" time="49.565" errors="0" timestamp="2023-12-26T19:24:02 IST" skipped="0">
  <testcase classname="Tests.LoginTest" name="enterUsername" time="1.363"/>
  <system-out/>
  <testcase classname="Tests.LoginTest" name="enterPassword" time="0.344"/>
  <system-out/>
  <testcase classname="Tests.LoginTest" name="clickLogin" time="1.501"/>
  <system-out/>
  <testcase classname="Tests.LoginTest" name="clickTest61Button" time="18.626"/>
  <system-out/>
  <testcase classname="Tests.LoginTest" name="clickLogoutButton" time="27.731"/>
  <system-out/>
</testsuite> <!-- Tests.LoginTest -->
