<?xml version="1.0" encoding="UTF-8"?>
<!-- Generated by org.testng.reporters.JUnitReportReporter -->
<testsuite hostname="LAPTOP-3BL16AQ1" failures="0" tests="2" name="ExtentReports.ExtentReportExample2" time="3.940" errors="0" timestamp="2023-12-21T19:51:41 IST" skipped="0">
  <testcase classname="ExtentReports.ExtentReportExample2" name="loginToOrangeHRM" time="3.880"/>
  <system-out/>
  <testcase classname="ExtentReports.ExtentReportExample2" name="clickLogout" time="0.060"/>
  <system-out/>
</testsuite> <!-- ExtentReports.ExtentReportExample2 -->
