<?xml version="1.0" encoding="UTF-8"?>
<!-- Generated by org.testng.reporters.JUnitReportReporter -->
<testsuite hostname="LAPTOP-3BL16AQ1" failures="0" tests="3" name="TestNG_Attributes.Attribute_Priority" time="3.988" errors="0" timestamp="2023-12-19T19:35:40 IST" skipped="0">
  <testcase classname="TestNG_Attributes.Attribute_Priority" name="enterUsername" time="1.923"/>
  <system-out/>
  <testcase classname="TestNG_Attributes.Attribute_Priority" name="enterPassword" time="0.416"/>
  <system-out/>
  <testcase classname="TestNG_Attributes.Attribute_Priority" name="clickLogin" time="1.649"/>
  <system-out/>
</testsuite> <!-- TestNG_Attributes.Attribute_Priority -->
