<?xml version="1.0" encoding="UTF-8"?>
<!-- Generated by org.testng.reporters.JUnitReportReporter -->
<testsuite hostname="LAPTOP-3BL16AQ1" failures="0" tests="3" name="Tests.ForgotYourPasswordTest" time="49.219" errors="0" timestamp="2023-12-22T19:32:42 IST" skipped="0">
  <testcase classname="Tests.ForgotYourPasswordTest" name="clickForgotYourPasswordLink" time="18.254"/>
  <system-out/>
  <testcase classname="Tests.ForgotYourPasswordTest" name="enterUsername" time="23.137"/>
  <system-out/>
  <testcase classname="Tests.ForgotYourPasswordTest" name="clickCancelButton" time="7.828"/>
  <system-out/>
</testsuite> <!-- Tests.ForgotYourPasswordTest -->
