<?xml version="1.0" encoding="UTF-8"?>
<!-- Generated by org.testng.reporters.JUnitReportReporter -->
<testsuite hostname="LAPTOP-3BL16AQ1" failures="0" tests="3" name="TestNG.TestNG_Screenshots" time="5.978" errors="0" timestamp="2023-12-20T19:32:20 IST" skipped="0">
  <testcase classname="TestNG.TestNG_Screenshots" name="enterUsername" time="3.792"/>
  <system-out/>
  <testcase classname="TestNG.TestNG_Screenshots" name="enterPassword" time="0.515"/>
  <system-out/>
  <testcase classname="TestNG.TestNG_Screenshots" name="clickLogin" time="1.671"/>
  <system-out/>
</testsuite> <!-- TestNG.TestNG_Screenshots -->
