<?xml version="1.0" encoding="UTF-8"?>
<!-- Generated by org.testng.reporters.JUnitReportReporter -->
<testsuite hostname="LAPTOP-3BL16AQ1" failures="0" tests="3" name="TestNG_Attributes.Attribute_Enabled" time="2.744" errors="0" timestamp="2023-12-19T19:37:48 IST" skipped="1">
  <testcase classname="TestNG_Attributes.Attribute_Enabled" name="enterUsername" time="1.473"/>
  <system-out/>
  <testcase classname="TestNG_Attributes.Attribute_Enabled" name="enterPassword" time="1.271"/>
  <system-out/>
  <testcase classname="TestNG_Attributes.Attribute_Enabled" name="clickLogin">
    <skipped/>
  </testcase> <!-- clickLogin -->
  <system-out/>
</testsuite> <!-- TestNG_Attributes.Attribute_Enabled -->
