<?xml version="1.0" encoding="UTF-8"?>
<!-- Generated by org.testng.reporters.JUnitReportReporter -->
<testsuite hostname="LAPTOP-3BL16AQ1" failures="0" tests="3" name="TestNG.Jahnavi" time="6.744" errors="0" timestamp="2023-12-20T19:18:00 IST" skipped="0">
  <testcase classname="TestNG.Jahnavi" name="enterUsername" time="3.457"/>
  <system-out/>
  <testcase classname="TestNG.Jahnavi" name="enterPassword" time="0.303"/>
  <system-out/>
  <testcase classname="TestNG.Jahnavi" name="clickLogin" time="2.984"/>
  <system-out/>
</testsuite> <!-- TestNG.Jahnavi -->
