<?xml version="1.0" encoding="UTF-8"?>
<!-- Generated by org.testng.reporters.JUnitReportReporter -->
<testsuite hostname="LAPTOP-3BL16AQ1" failures="0" tests="3" name="TestNG_Attributes.Attribute_DependOnMethods" time="7.581" errors="0" timestamp="2023-12-19T19:42:23 IST" skipped="0">
  <testcase classname="TestNG_Attributes.Attribute_DependOnMethods" name="enterUsername" time="3.586"/>
  <system-out/>
  <testcase classname="TestNG_Attributes.Attribute_DependOnMethods" name="enterPassword" time="2.080"/>
  <system-out/>
  <testcase classname="TestNG_Attributes.Attribute_DependOnMethods" name="clickLogin" time="1.915"/>
  <system-out/>
</testsuite> <!-- TestNG_Attributes.Attribute_DependOnMethods -->
