<?xml version="1.0" encoding="UTF-8"?>
<!-- Generated by org.testng.reporters.JUnitReportReporter -->
<testsuite hostname="LAPTOP-3BL16AQ1" failures="0" tests="9" name="TestNG_Attributes.Attribute_InvocationCount" time="3.731" errors="0" timestamp="2023-12-19T19:39:32 IST" skipped="1">
  <testcase classname="TestNG_Attributes.Attribute_InvocationCount" name="enterUsername" time="0.315"/>
  <system-out/>
  <testcase classname="TestNG_Attributes.Attribute_InvocationCount" name="enterUsername" time="0.323"/>
  <system-out/>
  <testcase classname="TestNG_Attributes.Attribute_InvocationCount" name="enterUsername" time="1.465"/>
  <system-out/>
  <testcase classname="TestNG_Attributes.Attribute_InvocationCount" name="enterUsername" time="0.258"/>
  <system-out/>
  <testcase classname="TestNG_Attributes.Attribute_InvocationCount" name="enterUsername" time="0.317"/>
  <system-out/>
  <testcase classname="TestNG_Attributes.Attribute_InvocationCount" name="enterUsername" time="0.202"/>
  <system-out/>
  <testcase classname="TestNG_Attributes.Attribute_InvocationCount" name="enterUsername" time="0.444"/>
  <system-out/>
  <testcase classname="TestNG_Attributes.Attribute_InvocationCount" name="enterPassword" time="0.407"/>
  <system-out/>
  <testcase classname="TestNG_Attributes.Attribute_InvocationCount" name="clickLogin">
    <skipped/>
  </testcase> <!-- clickLogin -->
  <system-out/>
</testsuite> <!-- TestNG_Attributes.Attribute_InvocationCount -->
