<?xml version="1.0" encoding="UTF-8"?>
<!-- Generated by org.testng.reporters.JUnitReportReporter -->
<testsuite hostname="LAPTOP-3BL16AQ1" failures="0" tests="4" name="TestNG_Assertions.Hard_Assertion" time="99.401" errors="0" timestamp="2023-12-21T19:17:30 IST" skipped="0">
  <testcase classname="TestNG_Assertions.Hard_Assertion" name="verifyTitle" time="65.007"/>
  <system-out/>
  <testcase classname="TestNG_Assertions.Hard_Assertion" name="enterUsername" time="33.056"/>
  <system-out/>
  <testcase classname="TestNG_Assertions.Hard_Assertion" name="enterPassword" time="0.897"/>
  <system-out/>
  <testcase classname="TestNG_Assertions.Hard_Assertion" name="clickLogin" time="0.441"/>
  <system-out/>
</testsuite> <!-- TestNG_Assertions.Hard_Assertion -->
