<?xml version="1.0" encoding="UTF-8"?>
<!-- Generated by org.testng.reporters.JUnitReportReporter -->
<testsuite hostname="LAPTOP-3BL16AQ1" failures="0" tests="3" name="TestNG_Attributes.Attribute_Description" time="4.445" errors="0" timestamp="2023-12-19T19:46:39 IST" skipped="0">
  <testcase classname="TestNG_Attributes.Attribute_Description" name="enterUsername" time="2.142"/>
  <system-out/>
  <testcase classname="TestNG_Attributes.Attribute_Description" name="enterPassword" time="0.420"/>
  <system-out/>
  <testcase classname="TestNG_Attributes.Attribute_Description" name="clickLogin" time="1.883"/>
  <system-out/>
</testsuite> <!-- TestNG_Attributes.Attribute_Description -->
