<?xml version="1.0" encoding="UTF-8"?>
<!-- Generated by org.testng.reporters.JUnitReportReporter -->
<testsuite hostname="LAPTOP-3BL16AQ1" failures="0" tests="3" name="Tests.SeleniumListeners_Example" time="3.389" errors="0" timestamp="2023-12-22T19:46:10 IST" skipped="0">
  <testcase classname="Tests.SeleniumListeners_Example" name="enterUsername" time="1.117"/>
  <system-out/>
  <testcase classname="Tests.SeleniumListeners_Example" name="enterPassword" time="0.674"/>
  <system-out/>
  <testcase classname="Tests.SeleniumListeners_Example" name="clickLogin" time="1.598"/>
  <system-out/>
</testsuite> <!-- Tests.SeleniumListeners_Example -->
