<?xml version="1.0" encoding="UTF-8"?>
<!-- Generated by org.testng.reporters.JUnitReportReporter -->
<testsuite hostname="LAPTOP-3BL16AQ1" failures="0" tests="2" name="TestNG.Murali" time="3.218" errors="0" timestamp="2023-12-19T19:32:42 IST" skipped="0">
  <testcase classname="TestNG.Murali" name="enterCredentials" time="1.302"/>
  <system-out/>
  <testcase classname="TestNG.Murali" name="enterCredentials" time="1.916"/>
  <system-out/>
</testsuite> <!-- TestNG.Murali -->
