<?xml version="1.0" encoding="UTF-8"?>
<!-- Generated by org.testng.reporters.JUnitReportReporter -->
<testsuite hostname="LAPTOP-3BL16AQ1" failures="0" tests="3" name="TestNG.LoginToOrangeHRM_Chrome" time="20.373" errors="0" timestamp="2023-12-16T19:53:53 IST" skipped="0">
  <testcase classname="TestNG.LoginToOrangeHRM_Chrome" name="enterUsername" time="6.862"/>
  <system-out/>
  <testcase classname="TestNG.LoginToOrangeHRM_Chrome" name="enterPassword" time="9.810"/>
  <system-out/>
  <testcase classname="TestNG.LoginToOrangeHRM_Chrome" name="clickLogin" time="3.701"/>
  <system-out/>
</testsuite> <!-- TestNG.LoginToOrangeHRM_Chrome -->
