<?xml version="1.0" encoding="UTF-8"?>
<!-- Generated by org.testng.reporters.JUnitReportReporter -->
<testsuite hostname="LAPTOP-3BL16AQ1" failures="0" tests="1" name="ExtentReports.ExtentReportExample" time="6.258" errors="0" timestamp="2023-12-21T19:48:40 IST" skipped="0">
  <testcase classname="ExtentReports.ExtentReportExample" name="loginToOrangeHRM" time="6.258"/>
  <system-out/>
</testsuite> <!-- ExtentReports.ExtentReportExample -->
